========== 2025-08-13 21:44:09 ==========
[tool]   kissat
[cmd]    /data/ziyi/data2/ziyi/kissat/build/kissat /data/ziyi/SMT-Sweep/design/hls_benchmarks/benchmarks/benchmark_20250728_141735_248_bnd_300.cnf
--------------------------------------
c ---- [ banner ] ------------------------------------------------------------
c
c Kissat SAT Solver
c 
c Copyright (c) 2021-2024 Armin Biere University of Freiburg
c Copyright (c) 2019-2021 Armin Biere Johannes Kepler University Linz
c 
c Version 4.0.1 da2b0641996913cbc18c2e08cc3945367c395143
c gcc (Ubuntu 9.4.0-1ubuntu1~20.04.2) 9.4.0 -W -Wall -O3 -DNDEBUG
c Fri 08 Aug 2025 11:02:51 AM CST Linux manager 5.15.0-139-generic x86_64
c
c ---- [ parsing ] -----------------------------------------------------------
c
c opened and reading DIMACS file:
c
c   /data/ziyi/SMT-Sweep/design/hls_benchmarks/benchmarks/benchmark_20250728_141735_248_bnd_300.cnf
c
c parsed 'p cnf 703502 2385743' header
c closing input after reading 51057766 bytes (49 MB)
c finished parsing after 0.47 seconds
c
c ---- [ solving ] -----------------------------------------------------------
c
c  seconds  switched rate     size/glue tier1   binary             remaining
c          MB reductions conflicts size  tier2       irredundant
c           level restarts redundant glue  trail             variables
c
c *  0.47 137 0 0 0  0 0   0   0 0.0 0 0 0 0 0% 759708 1626034 703501 100%
c (  0.66 177 0 0 0  0 0   0   0 0.0 0 0 0 0 0% 759708 1626034 703501 100%
c .  0.75 177 0 0 0  0 0   0   0 0.0 0 0 0 0 0% 759709 1626033 703501 100%
c c  2.19 257 0 0 0  0 0   0   0 0.0 0 0 0 0 0% 760316 1625413 702902 100%
c d  2.28 257 0 0 0  0 0   0   0 0.0 0 0 0 0 0% 759117 1625413 702902 100%
c e  9.97 382 0 0 0  0 0   0   0 0.0 0 0 0 0 0% 314231 1469662 333397 47%
c )  9.97 382 0 0 0  0 0   0   0 0.0 0 0 0 0 0% 314231 1469662 333397 47%
c { 10.15 383 0 0 0  0 0   0   0 0.0 0 0 2 6 0% 314231 1469662 333397 47%
c - 10.35 349 403 0 1  9 5 1000 812 1.6 4 3 3 4 2% 314301 1469643 333397 47%
c } 10.35 349 403 1 1  9 5 1000 812 1.6 4 3 3 4 2% 314301 1469643 333397 47%
c [ 10.35 349 0 1 1  9 0 1000 812 0.0 0 0 2 6 0% 314301 1469643 333397 47%
c B 10.36 349 208 1 1  9 99 1002 814 1.5 3 2 2 6 9% 314301 1469643 333397 47%
c i 10.37 349 140 1 1  9 67 1003 814 1.8 2 1 2 6 7% 314301 1469643 333396 47%
c ] 10.47 349 502 2 1  9 18 1316 851 1.9 4 2 2 3 11% 314573 1469374 333396 47%
c { 10.47 349 403 2 1  9 5 1316 851 1.6 4 3 3 4 2% 314573 1469374 333396 47%
c i 10.61 349 378 2 1 35 6 1430 933 2.1 5 3 3 4 3% 314592 1469373 333392 47%
c i 10.84 288 363 2 1 62 7 1501 974 2.2 6 3 3 4 4% 314615 1469355 333376 47%
c i 10.88 289 352 2 1 85 7 1536 995 2.2 6 3 3 4 4% 314627 1469354 333356 47%
c i 10.88 289 352 2 1 85 7 1537 995 2.2 6 3 3 4 4% 314627 1469354 333251 47%
c i 11.05 296 340 2 1 100 8 1607 1043 2.2 6 3 3 4 5% 314628 1469354 333237 47%
c
c  seconds    switched  rate       size/glue tier1   binary             remaining
c          MB  reductions conflicts     size  tier2       irredundant
c            level restarts   redundant   glue  trail             variables
c
c i 11.14 298 332 2 1 111 8 1639 1059 2.2 6 3 3 4 6% 314634 1469352 333215 47%
c i 11.52 299 306 2 1 157 9 1756 1148 2.2 6 3 3 4 6% 314650 1469347 333211 47%
c i 11.73 301 582 2 1 166 17 1923 1305 5.6 16 3 3 4 11% 314654 1469341 333190 47%
c i 11.73 301 582 2 1 167 17 1924 1305 5.6 16 3 3 4 11% 314654 1469341 332900 47%
c i 11.74 301 580 2 1 167 17 1931 1311 5.6 16 3 3 4 11% 314654 1469341 332899 47%
c i 11.74 301 579 2 1 167 17 1932 1311 5.6 16 3 3 4 11% 314654 1469341 332897 47%
c i 11.74 301 579 2 1 167 17 1933 1311 5.6 16 3 3 4 11% 314654 1469341 332889 47%
c - 11.78 302 557 2 2 167 16 2000 1209 5.5 16 3 1 3 11% 313172 1469341 332889 47%
c i 11.79 302 556 2 2 167 16 2001 1209 5.5 16 3 1 3 11% 313172 1469341 332868 47%
c } 12.13 303 649 3 2 194 25 2318 1453 5.0 14 3 1 3 16% 313201 1469320 332868 47%
c [ 12.13 303 502 3 2 194 18 2318 1453 1.9 4 2 2 3 11% 313201 1469320 332868 47%
c W 12.36 302 502 3 2 194 18 2318 1453 1.9 4 2 2 3 11% 313075 1413129 332868 47%
c ] 13.72 307 1201 4 2 194 6 3000 1763 1.9 370 193 2 3 75% 313078 1413125 332868 47%
c { 13.72 307 649 4 2 194 25 3000 1763 5.0 14 3 1 3 16% 313078 1413125 332868 47%
c d 14.01 308 643 4 2 209 26 3379 1788 4.5 31 7 1 3 17% 316099 1409175 332586 47%
c b 14.06 308 643 4 2 209 26 3379 1788 4.5 31 7 1 3 17% 316099 1409175 331913 47%
c u 14.15 309 643 4 2 209 26 3379 1674 4.5 31 7 1 3 17% 316083 1409175 331379 47%
c v 14.32 310 643 4 2 209 26 3379 1477 4.5 31 7 1 3 17% 316133 1409175 331309 47%
c w 14.44 310 643 4 2 209 26 3379 1475 4.5 31 7 1 3 17% 316133 1409175 331309 47%
c x 14.55 310 643 4 2 209 26 3379 1475 4.5 31 7 1 3 17% 333631 1357429 331309 47%
c
c  seconds    switched   rate       size/glue tier1     binary             remaining
c          MB  reductions conflicts       size  tier2        irredundant
c            level restarts    redundant    glue   trail             variables
c
c d 14.62 310 643 4 2 209 26 3379 1424 4.5 31 7 1 3 17% 312926 1357363 320930 46%
c t 14.71 311 643 4 2 209 26 3379 1424 4.5 31 7 1 3 17% 311680 1357363 320649 46%
c b 14.74 311 643 4 2 209 26 3379 1424 4.5 31 7 1 3 17% 311680 1357363 320239 46%
c f 14.93 294 643 4 2 209 26 3379 1424 4.5 31 7 1 3 17% 311641 1357265 320246 46%
c c 15.81 307 643 4 2 209 26 3379 1364 4.5 31 7 1 3 17% 360352 1253296 293551 42%
c d 15.89 307 643 4 2 209 26 3379 1351 4.5 31 7 1 3 17% 319175 1241094 293551 42%
c b 15.94 308 643 4 2 209 26 3379 1351 4.5 31 7 1 3 17% 319175 1241094 293256 42%
c u 16.04 310 643 4 2 209 26 3379 1276 4.5 31 7 1 3 17% 295766 1241094 293237 42%
c v 16.20 313 643 4 2 209 26 3379 916 4.5 31 7 1 3 17% 295813 1241094 292907 42%
c w 16.31 313 643 4 2 209 26 3379 906 4.5 31 7 1 3 17% 295813 1241094 292907 42%
c x 16.43 313 643 4 2 209 26 3379 906 4.5 31 7 1 3 17% 306230 1181744 292907 42%
c = 16.87 318 643 4 2 209 26 3379 906 4.5 31 7 1 3 17% 310641 1181672 290685 41%
c d 16.95 318 643 4 2 209 26 3379 839 4.5 31 7 1 3 17% 283210 1181600 279963 40%
c t 17.03 319 643 4 2 209 26 3379 839 4.5 31 7 1 3 17% 283198 1181600 279963 40%
c b 17.06 319 643 4 2 209 26 3379 839 4.5 31 7 1 3 17% 283198 1181600 279226 40%
c f 17.21 319 643 4 2 209 26 3379 839 4.5 31 7 1 3 17% 281929 1181502 279233 40%
c i 17.25 319 643 4 2 209 26 3379 839 4.5 31 7 1 3 17% 281929 1181502 279233 40%
c i 17.30 320 638 4 2 223 28 3409 863 4.5 31 7 1 3 17% 281933 1181499 279232 40%
c - 17.43 318 637 4 3 226 29 3414 637 4.5 30 7 1 3 17% 288809 1143915 279232 40%
c - 26.73 325 730 4 4 287 23 5147 1275 10.8 414 38 2 65 46% 288827 1143913 279232 40%
c
c  seconds    switched   rate       size/glue    tier1      binary             remaining
c          MB  reductions conflicts        size    tier2         irredundant
c            level restarts    redundant       glue    trail             variables
c
c } 27.08 326 729 5 4 287 25 5356 1431 11.0 406 37 2 65 47% 288836 1143901 279232 40%
c [ 27.08 326 1201 5 4 287 6 5356 1431 1.9 370 193 2 3 75% 288836 1143901 279232 40%
c I 27.09 326 1201 5 4 287 6 5356 1431 1.9 370 193 2 3 75% 288836 1143901 279232 40%
c - 31.99 327 367 5 5 288 4 7148 2575 2.3 92 40 2 8 49% 288844 1143899 279232 40%
c ] 36.68 327 241 6 5 289 3 8485 3640 2.3 62 27 2 8 42% 288847 1143899 279232 40%
c { 36.68 327 729 6 5 289 25 8485 3640 11.0 406 37 2 65 47% 288847 1143899 279232 40%
c - 39.64 328 589 6 6 289 21 9385 3947 10.6 321 30 2 7 46% 288849 1143898 279232 40%
c c 41.62 302 536 6 6 289 19 9851 4287 10.5 290 28 2 7 45% 351217 1064089 244063 35%
c d 41.69 302 536 6 6 289 19 9851 4270 10.5 290 28 2 7 45% 274940 1064047 244047 35%
c d 41.73 302 536 6 6 289 19 9851 4270 10.5 290 28 2 7 45% 274937 1064047 244046 35%
c b 41.77 304 536 6 6 289 19 9851 4270 10.5 290 28 2 7 45% 274937 1064047 243584 35%
c u 42.18 312 536 6 6 289 19 9851 3885 10.5 290 28 2 7 45% 241103 1064047 243559 35%
c v 43.07 315 536 6 6 289 19 9851 3671 10.5 290 28 2 7 45% 241109 1064047 243519 35%
c w 43.35 316 536 6 6 289 19 9851 3639 10.5 290 28 2 7 45% 241109 1064047 243519 35%
c x 43.67 316 536 6 6 289 19 9851 3639 10.5 290 28 2 7 45% 251378 1035213 243519 35%
c = 45.53 319 536 6 6 289 19 9851 3639 10.5 290 28 2 7 45% 263118 1027891 237896 34%
c d 45.59 319 536 6 6 289 19 9851 3630 10.5 290 28 2 7 45% 242723 1022999 233631 33%
c d 45.63 319 536 6 6 289 19 9851 3630 10.5 290 28 2 7 45% 240768 1022996 232654 33%
c t 45.76 319 536 6 6 289 19 9851 3630 10.5 290 28 2 7 45% 240638 1022996 232654 33%
c b 45.78 319 536 6 6 289 19 9851 3630 10.5 290 28 2 7 45% 240638 1022996 232208 33%
c
c  seconds    switched   rate       size/glue    tier1     binary             remaining
c          MB  reductions conflicts        size    tier2        irredundant
c            level restarts    redundant       glue   trail             variables
c
c f 46.15 320 536 6 6 289 19 9851 3630 10.5 290 28 2 7 45% 237702 1022364 232264 33%
c c 46.74 300 536 6 6 289 19 9851 2991 10.5 290 28 2 7 45% 254770 965817 220971 31%
c d 46.80 300 536 6 6 289 19 9851 2986 10.5 290 28 2 7 45% 239759 958227 220966 31%
c d 46.84 300 536 6 6 289 19 9851 2985 10.5 290 28 2 7 45% 232048 958193 217104 31%
c b 46.87 301 536 6 6 289 19 9851 2985 10.5 290 28 2 7 45% 232048 958193 216974 31%
c u 47.12 308 536 6 6 289 19 9851 2884 10.5 290 28 2 7 45% 216229 958193 216974 31%
c v 48.02 312 536 6 6 289 19 9851 2656 10.5 290 28 2 7 45% 216230 958193 216974 31%
c w 48.24 312 536 6 6 289 19 9851 2598 10.5 290 28 2 7 45% 216230 958193 216974 31%
c x 48.55 312 536 6 6 289 19 9851 2598 10.5 290 28 2 7 45% 219097 950677 216974 31%
c = 50.45 316 536 6 6 289 19 9851 2598 10.5 290 28 2 7 45% 236528 943327 208239 30%
c d 50.51 316 536 6 6 289 19 9851 2584 10.5 290 28 2 7 45% 217892 938518 207369 29%
c d 50.54 316 536 6 6 289 19 9851 2584 10.5 290 28 2 7 45% 215683 938504 206268 29%
c t 50.66 316 536 6 6 289 19 9851 2584 10.5 290 28 2 7 45% 214882 938504 206268 29%
c b 50.68 316 536 6 6 289 19 9851 2584 10.5 290 28 2 7 45% 214882 938504 206044 29%
c f 51.00 316 536 6 6 289 19 9851 2584 10.5 290 28 2 7 45% 209282 938049 206105 29%
c i 51.03 316 536 6 6 289 19 9851 2584 10.5 290 28 2 7 45% 209282 938049 206105 29%
c i 51.04 316 536 6 6 289 19 9865 2589 10.5 289 28 2 7 45% 209287 938045 206104 29%
c - 53.27 245 399 6 7 289 15 11834 3615 9.7 209 22 2 7 43% 210216 927649 206104 29%
c o 53.32 245 399 6 7 289 15 11834 3615 9.7 209 22 2 7 43% 210216 927649 206104 29%
c } 54.33 245 367 7 7 289 14 12554 4266 9.4 191 20 2 7 44% 210234 927634 206104 29%
c
c  seconds    switched  rate        size/glue  tier1     binary            remaining
c          MB  reductions conflicts       size   tier2       irredundant
c            level restarts    redundant     glue   trail            variables
c
c [ 54.33 245 241 7 7 289 3 12554 4266 2.3 62 27 2 8 42% 210234 927634 206104 29%
c B 54.33 245 241 7 7 289 3 12554 4266 2.3 62 27 2 8 42% 210234 927634 206104 29%
c - 57.66 245 162 7 8 290 2 14479 4424 2.4 46 19 2 6 36% 210234 927634 206104 29%
c i 58.97 245 136 7 8 291 2 15606 5135 2.4 40 17 2 6 34% 210243 927634 205875 29%
c s 60.25 246 148 7 8 291 3 16024 5492 3.2 55 17 2 6 35% 210660 875851 205702 29%
c e 62.68 204 148 7 8 291 3 16024 5492 3.2 55 17 2 6 35% 57791 372462 69986 10%
c 2 62.69 204 148 7 8 291 3 16024 5492 3.2 55 17 2 6 35% 57666 372462 69972 10%
c s 62.78 204 148 7 8 291 3 16024 5492 3.2 55 17 2 6 35% 58006 347617 69825 10%
c e 63.11 207 148 7 8 291 3 16024 5492 3.2 55 17 2 6 35% 46374 297724 57128 8%
c ^ 63.11 207 148 7 8 291 3 16024 5492 3.2 55 17 2 6 35% 46374 297724 57128 8%
c - 63.84 207 179 7 9 292 4 17307 1668 4.6 111 24 2 6 37% 44827 297329 57128 8%
c ] 63.88 195 182 8 9 292 4 17451 1799 4.5 111 25 2 6 37% 44828 297329 57128 8%
c { 63.88 195 367 8 9 292 14 17451 1799 9.4 191 20 2 7 44% 44828 297329 57128 8%
c i 64.50 200 328 8 9 333 15 18931 3071 9.0 172 19 2 7 45% 44846 297325 57127 8%
c c 64.81 187 422 8 9 334 15 19560 3545 9.2 170 18 2 7 47% 49415 282327 54670 8%
c d 64.83 187 422 8 9 334 15 19560 3543 9.2 170 18 2 7 47% 44348 282177 54670 8%
c d 64.84 187 422 8 9 334 15 19560 3543 9.2 170 18 2 7 47% 44308 282177 54660 8%
c b 64.85 187 422 8 9 334 15 19560 3543 9.2 170 18 2 7 47% 44308 282177 54655 8%
c u 64.91 187 422 8 9 334 15 19560 3105 9.2 170 18 2 7 47% 41212 282177 54655 8%
c v 65.09 187 422 8 9 334 15 19560 2768 9.2 170 18 2 7 47% 41212 282177 54655 8%
c
c  seconds    switched   rate        size/glue   tier1    binary          remaining
c          MB  reductions  conflicts       size    tier2      irredundant
c            level restarts     redundant      glue   trail           variables
c
c w 65.38 187 422 8 9 334 15 19560 2653 9.2 170 18 2 7 47% 41212 282177 54655 8%
c x 65.48 187 422 8 9 334 15 19560 2653 9.2 170 18 2 7 47% 41632 281053 54655 8%
c = 66.54 187 422 8 9 334 15 19560 2653 9.2 170 18 2 7 47% 42615 280508 54159 8%
c d 66.55 187 422 8 9 334 15 19560 2649 9.2 170 18 2 7 47% 41555 280465 54158 8%
c t 66.60 187 422 8 9 334 15 19560 2649 9.2 170 18 2 7 47% 40593 280465 54158 8%
c f 66.82 155 422 8 9 334 15 19560 2649 9.2 170 18 2 7 47% 40497 280162 54209 8%
c c 66.95 156 422 8 9 334 15 19560 2635 9.2 170 18 2 7 47% 42098 278358 53489 8%
c d 66.96 156 422 8 9 334 15 19560 2635 9.2 170 18 2 7 47% 40672 278344 53489 8%
c d 66.97 156 422 8 9 334 15 19560 2635 9.2 170 18 2 7 47% 40655 278338 53481 8%
c u 67.02 156 422 8 9 334 15 19560 2540 9.2 170 18 2 7 47% 39488 278338 53481 8%
c v 67.16 156 422 8 9 334 15 19560 2310 9.2 170 18 2 7 47% 39488 278338 53481 8%
c w 67.41 156 422 8 9 334 15 19560 2214 9.2 170 18 2 7 47% 39488 278338 53481 8%
c x 67.58 156 422 8 9 334 15 19560 2212 9.2 170 18 2 7 47% 39794 276546 53481 8%
c = 68.58 156 422 8 9 334 15 19560 2212 9.2 170 18 2 7 47% 42911 274814 51942 7%
c d 68.59 156 422 8 9 334 15 19560 2210 9.2 170 18 2 7 47% 39515 274712 51942 7%
c d 68.60 156 422 8 9 334 15 19560 2210 9.2 170 18 2 7 47% 39507 274704 51938 7%
c t 68.64 156 422 8 9 334 15 19560 2210 9.2 170 18 2 7 47% 38841 274704 51938 7%
c f 68.85 156 422 8 9 334 15 19560 2210 9.2 170 18 2 7 47% 38808 274338 51997 7%
c - 69.16 156 426 8 10 403 20 20307 2164 9.3 173 19 2 8 47% 38655 274314 51997 7%
c o 69.55 156 400 8 10 446 20 21868 3466 9.4 173 18 2 8 46% 38666 274273 51997 7%
c
c  seconds    switched    rate        size/glue   tier1    binary          remaining
c          MB   reductions  conflicts       size    tier2      irredundant
c            level  restarts     redundant      glue   trail           variables
c
c - 70.65 156 453 8 11 527 21 23531 3265 9.1 167 18 2 8 50% 38674 274261 51997 7%
c } 70.69 156 458 9 11 555 23 23611 3327 8.7 167 19 2 8 50% 38675 274260 51997 7%
c [ 70.69 156 182 9 11 555 4 23611 3327 4.5 111 25 2 6 37% 38675 274260 51997 7%
c W 70.74 156 182 9 11 555 4 23611 3327 4.5 111 25 2 6 37% 38675 274260 51997 7%
c - 72.10 156 148 9 12 557 4 26847 4612 6.3 141 22 2 6 35% 38679 274257 51997 7%
c 2 72.93 156 136 9 12 559 5 29172 6733 6.5 139 22 2 6 34% 38690 274257 51994 7%
c s 72.98 156 136 9 12 559 5 29172 6733 6.5 139 22 2 6 34% 38845 264819 51994 7%
c e 73.23 156 136 9 12 559 5 29172 6733 6.5 139 22 2 6 34% 29148 269111 46402 7%
c 2 73.23 156 136 9 12 559 5 29172 6733 6.5 139 22 2 6 34% 29125 269111 46401 7%
c s 73.28 156 136 9 12 559 5 29172 6733 6.5 139 22 2 6 34% 29551 262316 46400 7%
c e 73.38 156 136 9 12 559 5 29172 6733 6.5 139 22 2 6 34% 27167 255823 44457 6%
c ^ 73.38 156 136 9 12 559 5 29172 6733 6.5 139 22 2 6 34% 27167 255823 44457 6%
c - 73.74 156 129 9 13 560 5 30311 3929 6.5 136 21 2 6 33% 27254 255736 44457 6%
c ] 73.86 156 128 10 13 560 5 30612 4196 6.6 137 21 2 6 33% 27254 255736 44457 6%
c { 73.86 156 458 10 13 560 23 30612 4196 8.7 167 19 2 8 50% 27254 255736 44457 6%
c c 74.07 156 448 10 13 606 24 31183 4687 8.5 160 19 2 8 49% 28308 254025 43955 6%
c d 74.08 156 448 10 13 606 24 31183 4671 8.5 160 19 2 8 49% 27393 253957 43955 6%
c b 74.09 156 448 10 13 606 24 31183 4671 8.5 160 19 2 8 49% 27393 253957 43950 6%
c u 74.17 156 448 10 13 606 24 31183 4107 8.5 160 19 2 8 49% 27094 253957 43950 6%
c v 74.30 156 448 10 13 606 24 31183 3867 8.5 160 19 2 8 49% 27094 253957 43950 6%
c
c  seconds     switched    rate        size/glue   tier1    binary          remaining
c          MB    reductions  conflicts       size    tier2      irredundant
c            level   restarts     redundant      glue   trail           variables
c
c w 74.35 156 448 10 13 606 24 31183 3849 8.5 160 19 2 8 49% 27094 253957 43950 6%
c x 74.43 156 448 10 13 606 24 31183 3849 8.5 160 19 2 8 49% 27348 252625 43950 6%
c = 74.94 156 448 10 13 606 24 31183 3849 8.5 160 19 2 8 49% 29471 251257 42909 6%
c d 74.95 156 448 10 13 606 24 31183 3840 8.5 160 19 2 8 49% 27337 251143 42909 6%
c d 74.96 156 448 10 13 606 24 31183 3840 8.5 160 19 2 8 49% 27253 251133 42868 6%
c t 74.98 156 448 10 13 606 24 31183 3840 8.5 160 19 2 8 49% 26345 251133 42868 6%
c b 74.98 156 448 10 13 606 24 31183 3840 8.5 160 19 2 8 49% 26345 251133 42867 6%
c f 75.09 156 448 10 13 606 24 31183 3840 8.5 160 19 2 8 49% 26317 250166 42894 6%
c c 75.20 156 448 10 13 606 24 31183 3839 8.5 160 19 2 8 49% 26215 249985 42837 6%
c d 75.21 156 448 10 13 606 24 31183 3839 8.5 160 19 2 8 49% 26127 249973 42837 6%
c d 75.21 156 448 10 13 606 24 31183 3839 8.5 160 19 2 8 49% 26125 249972 42836 6%
c u 75.28 156 448 10 13 606 24 31183 3699 8.5 160 19 2 8 49% 26096 249972 42836 6%
c v 75.42 156 448 10 13 606 24 31183 3322 8.5 160 19 2 8 49% 26098 249972 42836 6%
c w 75.46 156 448 10 13 606 24 31183 3310 8.5 160 19 2 8 49% 26098 249972 42836 6%
c x 75.53 156 448 10 13 606 24 31183 3310 8.5 160 19 2 8 49% 26221 248904 42836 6%
c = 76.00 156 448 10 13 606 24 31183 3310 8.5 160 19 2 8 49% 27478 247784 42218 6%
c d 76.01 156 448 10 13 606 24 31183 3310 8.5 160 19 2 8 49% 26252 247766 42218 6%
c d 76.02 156 448 10 13 606 24 31183 3310 8.5 160 19 2 8 49% 26244 247766 42214 6%
c t 76.04 156 448 10 13 606 24 31183 3310 8.5 160 19 2 8 49% 25774 247766 42214 6%
c f 76.15 156 448 10 13 606 24 31183 3310 8.5 160 19 2 8 49% 25839 243995 42273 6%
c
c  seconds     switched    rate        size/glue   tier1    binary          remaining
c          MB    reductions  conflicts       size    tier2      irredundant
c            level   restarts     redundant      glue   trail           variables
c
c - 76.69 156 399 10 14 607 21 33916 4501 8.6 145 17 2 8 47% 25778 243980 42273 6%
c - 78.15 156 364 10 15 658 20 37668 6406 9.4 143 15 2 8 45% 25806 243965 42273 6%
c } 78.85 156 401 11 15 699 18 40375 7582 8.9 145 16 2 8 45% 25813 243963 42273 6%
c [ 78.85 156 128 11 15 699 5 40375 7582 6.6 137 21 2 6 33% 25813 243963 42273 6%
c O 78.85 156 128 11 15 699 5 40375 7582 6.6 137 21 2 6 33% 25813 243963 42273 6%
c - 79.42 156 126 11 16 700 5 41541 6638 7.5 159 21 2 6 34% 25813 243961 42273 6%
c - 81.14 156 191 11 17 701 5 45541 6797 6.3 183 29 2 7 36% 25813 243957 42273 6%
c c 81.47 156 192 11 17 702 6 45990 7193 6.4 186 29 2 7 36% 26098 243809 42229 6%
c d 81.48 156 192 11 17 702 6 45990 7192 6.4 186 29 2 7 36% 26035 243794 42229 6%
c d 81.49 156 192 11 17 702 6 45990 7192 6.4 186 29 2 7 36% 26033 243794 42228 6%
c b 81.49 156 192 11 17 702 6 45990 7192 6.4 186 29 2 7 36% 26033 243794 42227 6%
c u 81.61 156 192 11 17 702 6 45990 6621 6.4 186 29 2 7 36% 26025 243794 42227 6%
c v 81.75 156 192 11 17 702 6 45990 6450 6.4 186 29 2 7 36% 26025 243794 42227 6%
c w 81.81 156 192 11 17 702 6 45990 6417 6.4 186 29 2 7 36% 26025 243794 42227 6%
c x 81.88 156 192 11 17 702 6 45990 6417 6.4 186 29 2 7 36% 26035 243201 42227 6%
c = 82.43 156 192 11 17 702 6 45990 6417 6.4 186 29 2 7 36% 26146 243072 42170 6%
c d 82.45 156 192 11 17 702 6 45990 6417 6.4 186 29 2 7 36% 26030 243047 42170 6%
c d 82.45 156 192 11 17 702 6 45990 6417 6.4 186 29 2 7 36% 26014 243047 42162 6%
c t 82.48 156 192 11 17 702 6 45990 6417 6.4 186 29 2 7 36% 25754 243047 42162 6%
c f 82.61 156 192 11 17 702 6 45990 6417 6.4 186 29 2 7 36% 25928 236248 42298 6%
c
c  seconds     switched   rate        size/glue   tier1    binary          remaining
c          MB    reductions conflicts       size    tier2      irredundant
c            level   restarts    redundant      glue   trail           variables
c
c b 82.63 156 192 11 17 702 6 45990 6417 6.4 186 29 2 7 36% 25928 236248 42297 6%
c u 82.73 156 192 11 17 702 6 45990 6091 6.4 186 29 2 7 36% 25936 236248 42297 6%
c v 82.89 156 192 11 17 702 6 45990 5722 6.4 186 29 2 7 36% 25936 236248 42297 6%
c w 82.94 156 192 11 17 702 6 45990 5713 6.4 186 29 2 7 36% 25936 236248 42297 6%
c x 83.01 156 192 11 17 702 6 45990 5713 6.4 186 29 2 7 36% 25943 235661 42297 6%
c = 83.64 156 192 11 17 702 6 45990 5713 6.4 186 29 2 7 36% 26162 235409 42193 6%
c d 83.65 156 192 11 17 702 6 45990 5713 6.4 186 29 2 7 36% 25942 235382 42193 6%
c d 83.66 156 192 11 17 702 6 45990 5713 6.4 186 29 2 7 36% 25934 235382 42189 6%
c t 83.68 156 192 11 17 702 6 45990 5713 6.4 186 29 2 7 36% 25921 235382 42189 6%
c f 83.79 156 192 11 17 702 6 45990 5713 6.4 186 29 2 7 36% 26124 232088 42329 6%
c o 83.81 156 192 11 17 702 6 45990 5713 6.4 186 29 2 7 36% 26124 232088 42329 6%
c ] 84.57 156 186 12 17 702 6 46764 6428 6.6 189 29 2 7 36% 26124 232088 42329 6%
c { 84.57 156 401 12 17 702 18 46764 6428 8.9 145 16 2 8 45% 26124 232088 42329 6%
c i 84.62 156 400 12 17 728 18 46850 6487 8.9 144 16 2 8 45% 26130 232088 42328 6%
c i 84.82 156 411 12 17 788 21 47279 6864 8.6 143 17 2 8 45% 26135 232084 42327 6%
c - 85.82 156 386 12 18 890 22 49665 7108 8.5 141 17 2 8 45% 26088 232052 42327 6%
c i 85.99 156 385 12 18 923 23 49965 7367 8.5 140 16 2 8 44% 26095 232051 42325 6%
c i 86.00 156 385 12 18 926 23 49985 7374 8.5 140 16 2 8 44% 26100 232051 42324 6%
c - 86.25 156 496 12 19 927 20 53907 8960 8.0 121 15 2 8 40% 26091 232047 42324 6%
c 2 86.45 156 531 12 19 927 18 57269 11650 7.6 107 14 2 8 37% 26091 232047 42323 6%
c
c  seconds     switched    rate         size/glue   tier1    binary          remaining
c          MB    reductions  conflicts        size    tier2      irredundant
c            level   restarts      redundant      glue   trail           variables
c
c s 86.49 156 531 12 19 927 18 57269 11650 7.6 107 14 2 8 37% 26231 224970 42323 6%
c e 86.76 156 531 12 19 927 18 57269 11650 7.6 107 14 2 8 37% 20600 230440 38344 5%
c 2 86.76 156 531 12 19 927 18 57269 11650 7.6 107 14 2 8 37% 20560 230440 38344 5%
c s 86.80 156 531 12 19 927 18 57269 11650 7.6 107 14 2 8 37% 20723 226154 38344 5%
c e 86.86 156 531 12 19 927 18 57269 11650 7.6 107 14 2 8 37% 20087 226344 37963 5%
c ^ 86.86 156 531 12 19 927 18 57269 11650 7.6 107 14 2 8 37% 20087 226344 37963 5%
c } 87.04 156 516 13 19 927 18 58245 9413 7.6 104 14 2 8 36% 20093 226343 37963 5%
c [ 87.04 156 186 13 19 927 6 58245 9413 6.6 189 29 2 7 36% 20093 226343 37963 5%
c B 87.04 156 186 13 19 927 6 58245 9413 6.6 189 29 2 7 36% 20093 226343 37963 5%
c - 87.08 148 186 13 20 927 6 58266 7065 6.6 189 29 2 6 36% 20135 226301 37963 5%
c ] 89.49 149 171 14 20 929 6 61470 9941 6.7 177 26 2 6 40% 20135 226301 37963 5%
c { 89.49 149 516 14 20 929 18 61470 9941 7.6 104 14 2 8 36% 20135 226301 37963 5%
c - 90.00 149 503 14 21 971 17 62742 8212 7.3 102 14 2 7 37% 20143 226298 37963 5%
c i 90.21 149 495 14 21 1018 18 63463 8726 7.3 101 14 2 7 36% 20152 226298 37962 5%
c c 90.41 149 485 14 21 1018 17 64155 9351 7.3 99 14 2 7 36% 20335 226036 37883 5%
c d 90.42 149 485 14 21 1018 17 64155 9344 7.3 99 14 2 7 36% 20205 226015 37883 5%
c b 90.43 149 485 14 21 1018 17 64155 9344 7.3 99 14 2 7 36% 20205 226015 37879 5%
c u 90.53 149 485 14 21 1018 17 64155 8377 7.3 99 14 2 7 36% 20189 226015 37879 5%
c v 90.69 149 485 14 21 1018 17 64155 7174 7.3 99 14 2 7 36% 20190 226015 37879 5%
c w 90.75 149 485 14 21 1018 17 64155 7150 7.3 99 14 2 7 36% 20190 226015 37879 5%
c
c  seconds     switched     rate        size/glue  tier1    binary          remaining
c          MB    reductions   conflicts       size   tier2      irredundant
c            level    restarts     redundant     glue   trail           variables
c
c x 90.82 149 485 14 21 1018 17 64155 7150 7.3 99 14 2 7 36% 20236 225189 37879 5%
c = 91.33 149 485 14 21 1018 17 64155 7150 7.3 99 14 2 7 36% 21110 223951 37422 5%
c d 91.34 149 485 14 21 1018 17 64155 7148 7.3 99 14 2 7 36% 20229 223849 37420 5%
c d 91.34 149 485 14 21 1018 17 64155 7148 7.3 99 14 2 7 36% 20211 223847 37411 5%
c t 91.37 149 485 14 21 1018 17 64155 7148 7.3 99 14 2 7 36% 20128 223847 37411 5%
c b 91.38 149 485 14 21 1018 17 64155 7148 7.3 99 14 2 7 36% 20128 223847 37410 5%
c f 91.55 149 485 14 21 1018 17 64155 7148 7.3 99 14 2 7 36% 20218 222339 37494 5%
c c 91.63 149 485 14 21 1018 17 64155 7148 7.3 99 14 2 7 36% 20056 222330 37490 5%
c d 91.64 149 485 14 21 1018 17 64155 7148 7.3 99 14 2 7 36% 20062 222322 37490 5%
c d 91.65 149 485 14 21 1018 17 64155 7148 7.3 99 14 2 7 36% 20050 222316 37484 5%
c b 91.65 149 485 14 21 1018 17 64155 7148 7.3 99 14 2 7 36% 20050 222316 37482 5%
c u 91.73 149 485 14 21 1018 17 64155 6798 7.3 99 14 2 7 36% 20055 222316 37482 5%
c v 91.90 149 485 14 21 1018 17 64155 6070 7.3 99 14 2 7 36% 20055 222316 37482 5%
c w 91.97 149 485 14 21 1018 17 64155 6070 7.3 99 14 2 7 36% 20055 222316 37482 5%
c x 92.04 149 485 14 21 1018 17 64155 6070 7.3 99 14 2 7 36% 20059 221667 37482 5%
c = 92.71 149 485 14 21 1018 17 64155 6070 7.3 99 14 2 7 36% 22456 221440 36290 5%
c d 92.72 149 485 14 21 1018 17 64155 5968 7.3 99 14 2 7 36% 20000 221440 36290 5%
c t 92.75 149 485 14 21 1018 17 64155 5968 7.3 99 14 2 7 36% 19691 221440 36290 5%
c f 92.86 149 485 14 21 1018 17 64155 5968 7.3 99 14 2 7 36% 19399 219865 36356 5%
c - 93.73 149 531 14 22 1097 19 67324 6895 7.4 99 13 2 7 36% 19420 219864 36356 5%
c
c  seconds     switched     rate        size/glue  tier1    binary          remaining
c          MB    reductions   conflicts       size   tier2      irredundant
c            level    restarts     redundant     glue   trail           variables
c
c - 94.81 149 502 14 23 1216 21 72014 8854 7.1 95 13 2 7 34% 19447 219859 36356 5%
c } 95.88 150 511 15 23 1326 21 76186 12444 7.1 94 13 2 7 34% 19466 219856 36356 5%
c [ 95.88 150 171 15 23 1326 6 76186 12444 6.7 177 26 2 6 40% 19466 219856 36356 5%
c W 95.92 150 171 15 23 1326 6 76186 12444 6.7 177 26 2 6 40% 19466 219856 36356 5%
c o 95.93 150 171 15 23 1326 6 76186 12444 6.7 177 26 2 6 40% 19466 219856 36356 5%
c - 96.23 150 167 15 24 1326 5 76810 10546 6.7 176 26 2 7 41% 19466 219856 36356 5%
c ] 100.33 152 146 16 24 1329 5 81276 14451 6.6 174 26 2 7 44% 19473 219856 36356 5%
c { 100.33 152 511 16 24 1329 21 81276 14451 7.1 94 13 2 7 34% 19473 219856 36356 5%
c i 100.38 152 510 16 24 1343 21 81362 14526 7.1 94 13 2 7 34% 19476 219856 36355 5%
c - 100.45 152 514 16 25 1368 21 81709 11123 7.0 94 13 2 7 34% 19474 219856 36355 5%
c d 102.23 152 509 16 25 1713 26 85751 14508 6.9 100 15 2 7 34% 19513 219834 36347 5%
c d 102.24 152 509 16 25 1713 26 85751 14507 6.9 100 15 2 7 34% 19511 219834 36346 5%
c b 102.25 152 509 16 25 1713 26 85751 14507 6.9 100 15 2 7 34% 19511 219834 36342 5%
c u 102.47 152 509 16 25 1713 26 85751 13617 6.9 100 15 2 7 34% 19523 219834 36342 5%
c v 102.70 152 509 16 25 1713 26 85751 13209 6.9 100 15 2 7 34% 19523 219834 36342 5%
c w 102.81 152 509 16 25 1713 26 85751 13205 6.9 100 15 2 7 34% 19523 219834 36342 5%
c x 102.91 152 509 16 25 1713 26 85751 13205 6.9 100 15 2 7 34% 19556 219677 36342 5%
c = 103.85 152 509 16 25 1713 26 85751 13205 6.9 100 15 2 7 34% 20535 219351 35847 5%
c d 103.86 152 509 16 25 1713 26 85751 13012 6.9 100 15 2 7 34% 19486 219308 35839 5%
c d 103.87 152 509 16 25 1713 26 85751 13012 6.9 100 15 2 7 34% 19474 219304 35833 5%
c
c  seconds      switched     rate         size/glue   tier1    binary          remaining
c           MB    reductions   conflicts        size    tier2      irredundant
c             level    restarts      redundant      glue   trail           variables
c
c t 103.90 152 509 16 25 1713 26 85751 13012 6.9 100 15 2 7 34% 19212 219304 35832 5%
c f 104.06 152 509 16 25 1713 26 85751 13012 6.9 100 15 2 7 34% 19280 218240 35881 5%
c c 104.15 152 509 16 25 1713 26 85751 12988 6.9 100 15 2 7 34% 19286 218202 35873 5%
c d 104.16 152 509 16 25 1713 26 85751 12984 6.9 100 15 2 7 34% 19289 218189 35873 5%
c d 104.17 152 509 16 25 1713 26 85751 12984 6.9 100 15 2 7 34% 19287 218189 35872 5%
c b 104.18 152 509 16 25 1713 26 85751 12984 6.9 100 15 2 7 34% 19287 218189 35870 5%
c u 104.37 152 509 16 25 1713 26 85751 12354 6.9 100 15 2 7 34% 19291 218189 35870 5%
c v 104.58 152 509 16 25 1713 26 85751 11884 6.9 100 15 2 7 34% 19292 218189 35870 5%
c w 104.67 152 509 16 25 1713 26 85751 11868 6.9 100 15 2 7 34% 19292 218189 35870 5%
c x 104.76 152 509 16 25 1713 26 85751 11868 6.9 100 15 2 7 34% 19320 217999 35868 5%
c = 105.69 152 509 16 25 1713 26 85751 11868 6.9 100 15 2 7 34% 19748 217925 35651 5%
c d 105.71 152 509 16 25 1713 26 85751 11856 6.9 100 15 2 7 34% 19322 217899 35649 5%
c d 105.72 152 509 16 25 1713 26 85751 11856 6.9 100 15 2 7 34% 19312 217897 35644 5%
c t 105.75 152 509 16 25 1713 26 85751 11856 6.9 100 15 2 7 34% 19286 217897 35644 5%
c f 105.92 152 509 16 25 1713 26 85751 11856 6.9 100 15 2 7 34% 19397 216955 35682 5%
c i 105.93 152 509 16 25 1713 26 85751 11856 6.9 100 15 2 7 34% 19397 216955 35682 5%
c - 106.34 152 504 16 26 1762 27 86711 10206 6.9 101 15 2 7 35% 19369 216955 35682 5%
c - 107.21 152 457 16 27 1773 24 91811 12419 6.6 92 14 2 7 32% 19399 216955 35682 5%
c i 108.59 152 437 16 27 1957 25 95709 15866 6.7 94 14 2 7 33% 19423 216952 35680 5%
c - 109.71 152 448 16 28 2043 25 97513 13771 6.5 94 15 2 7 34% 19423 216950 35680 5%
c
c  seconds      switched     rate         size/glue  tier1    binary          remaining
c           MB    reductions   conflicts        size   tier2      irredundant
c             level    restarts      redundant     glue   trail           variables
c
c } 110.44 152 456 17 28 2184 26 99614 15371 6.6 95 14 2 7 34% 19433 216948 35680 5%
c [ 110.44 152 146 17 28 2184 5 99614 15371 6.6 174 26 2 7 44% 19433 216948 35680 5%
c I 110.44 152 146 17 28 2184 5 99614 15371 6.6 174 26 2 7 44% 19433 216948 35680 5%
c 2 111.87 153 144 17 28 2186 5 102125 17358 7.1 186 26 2 7 47% 19437 216948 35677 5%
c s 111.90 153 144 17 28 2186 5 102125 17358 7.1 186 26 2 7 47% 19501 207926 35677 5%
c e 112.28 156 144 17 28 2186 5 102125 17358 7.1 186 26 2 7 47% 14085 225711 31018 4%
c 2 112.29 156 144 17 28 2186 5 102125 17358 7.1 186 26 2 7 47% 14077 225711 31018 4%
c s 112.35 156 144 17 28 2186 5 102125 17358 7.1 186 26 2 7 47% 14129 218375 31018 4%
c e 112.42 156 144 17 28 2186 5 102125 17358 7.1 186 26 2 7 47% 13780 219203 30797 4%
c ^ 112.42 156 144 17 28 2186 5 102125 17358 7.1 186 26 2 7 47% 13780 219203 30797 4%
c - 112.82 156 143 17 29 2186 5 102830 9797 7.1 185 26 2 6 48% 13811 219174 30797 4%
c - 116.12 156 141 17 30 2189 6 108216 10438 7.1 175 25 2 6 51% 13813 219174 30797 4%
c d 117.84 156 146 17 30 2190 6 111111 12515 7.1 172 24 2 6 53% 13771 219174 30776 4%
c b 117.85 156 146 17 30 2190 6 111111 12515 7.1 172 24 2 6 53% 13771 219174 30775 4%
c u 118.00 156 146 17 30 2190 6 111111 10998 7.1 172 24 2 6 53% 13821 219174 30775 4%
c v 118.19 156 146 17 30 2190 6 111111 9761 7.1 172 24 2 6 53% 13835 219174 30774 4%
c w 118.43 156 146 17 30 2190 6 111111 9491 7.1 172 24 2 6 53% 13834 219174 30774 4%
c x 118.53 156 146 17 30 2190 6 111111 9491 7.1 172 24 2 6 53% 13849 219145 30774 4%
c = 119.73 156 146 17 30 2190 6 111111 9491 7.1 172 24 2 6 53% 14430 219072 30477 4%
c d 119.74 156 146 17 30 2190 6 111111 9358 7.1 172 24 2 6 53% 13836 218959 30467 4%
c
c  seconds      switched    rate         size/glue   tier1    binary          remaining
c           MB    reductions  conflicts        size    tier2      irredundant
c             level    restarts     redundant      glue   trail           variables
c
c d 119.74 156 146 17 30 2190 6 111111 9358 7.1 172 24 2 6 53% 13830 218948 30464 4%
c t 119.77 156 146 17 30 2190 6 111111 9358 7.1 172 24 2 6 53% 13738 218948 30464 4%
c f 120.05 156 146 17 30 2190 6 111111 9358 7.1 172 24 2 6 53% 14299 215625 30676 4%
c b 120.07 156 146 17 30 2190 6 111111 9358 7.1 172 24 2 6 53% 14299 215625 30674 4%
c u 120.18 156 146 17 30 2190 6 111111 8662 7.1 172 24 2 6 53% 14339 215625 30670 4%
c v 120.33 156 146 17 30 2190 6 111111 7992 7.1 172 24 2 6 53% 14341 215625 30670 4%
c w 120.65 156 146 17 30 2190 6 111111 7731 7.1 172 24 2 6 53% 14341 215625 30670 4%
c = 121.77 156 146 17 30 2190 6 111111 7731 7.1 172 24 2 6 53% 14935 215377 30373 4%
c d 121.78 156 146 17 30 2190 6 111111 7678 7.1 172 24 2 6 53% 14386 215302 30373 4%
c d 121.79 156 146 17 30 2190 6 111111 7678 7.1 172 24 2 6 53% 14382 215296 30371 4%
c t 121.81 156 146 17 30 2190 6 111111 7678 7.1 172 24 2 6 53% 14213 215296 30365 4%
c f 122.08 156 146 17 30 2190 6 111111 7678 7.1 172 24 2 6 53% 14252 214492 30397 4%
c i 122.08 156 146 17 30 2190 6 111111 7678 7.1 172 24 2 6 53% 14252 214492 30397 4%
c ] 123.09 156 153 18 30 2190 6 112987 8208 7.0 171 24 2 6 55% 14252 214492 30397 4%
c { 123.09 156 456 18 30 2190 26 112987 8208 6.6 95 14 2 7 34% 14252 214492 30397 4%
c i 123.17 156 458 18 30 2205 26 113323 8508 6.6 95 14 2 7 34% 14256 214492 30396 4%
c - 123.33 156 458 18 31 2232 26 113693 6726 6.7 97 14 2 7 34% 14137 214492 30396 4%
c o 124.98 156 439 18 31 2305 26 116776 9319 6.9 100 14 2 7 35% 14148 214490 30396 4%
c i 124.98 156 439 18 31 2305 26 116777 9319 6.9 100 14 2 7 35% 14148 214490 30395 4%
c i 125.94 156 444 18 31 2333 25 118087 9783 6.9 100 14 2 7 36% 14151 214490 30394 4%
c
c  seconds      switched     rate         size/glue   tier1    binary          remaining
c           MB    reductions   conflicts        size    tier2      irredundant
c             level    restarts      redundant      glue   trail           variables
c
c i 125.94 156 444 18 31 2333 25 118088 9783 6.9 100 14 2 7 36% 14151 214490 30391 4%
c - 126.80 156 444 18 32 2386 26 119261 8869 7.1 103 15 2 6 36% 14132 214488 30391 4%
c i 127.29 156 434 18 32 2394 25 120828 10096 7.2 104 14 2 6 36% 14139 214487 30390 4%
c i 127.53 156 439 18 32 2409 24 123102 12096 7.1 100 14 2 6 36% 14148 214487 30389 4%
c - 128.24 156 429 18 33 2460 24 124918 11286 7.2 101 14 2 6 35% 14151 214487 30389 4%
c - 129.30 156 389 18 34 2460 22 130663 13242 7.0 93 13 2 6 33% 14160 214487 30389 4%
c i 130.12 156 361 18 34 2460 20 135335 17254 6.7 86 13 2 6 31% 14166 214486 30387 4%
c } 130.12 156 361 19 34 2460 20 135335 17254 6.7 86 13 2 6 31% 14166 214486 30387 4%
c [ 130.12 156 153 19 34 2460 6 135335 17254 7.0 171 24 2 6 55% 14166 214486 30387 4%
c B 130.12 156 153 19 34 2460 6 135335 17254 7.0 171 24 2 6 55% 14166 214486 30387 4%
c - 130.92 156 159 19 35 2460 5 136494 13370 6.9 170 25 2 6 56% 14158 214486 30387 4%
c c 133.32 156 169 19 35 2462 6 139994 15602 6.9 167 24 2 6 57% 14244 214206 30374 4%
c d 133.33 156 169 19 35 2462 6 139994 15601 6.9 167 24 2 6 57% 14319 214117 30374 4%
c b 133.34 156 169 19 35 2462 6 139994 15601 6.9 167 24 2 6 57% 14319 214117 30372 4%
c u 133.51 156 169 19 35 2462 6 139994 13913 6.9 167 24 2 6 57% 14368 214117 30369 4%
c v 133.79 156 169 19 35 2462 6 139994 13343 6.9 167 24 2 6 57% 14370 214117 30369 4%
c w 133.91 156 169 19 35 2462 6 139994 13055 6.9 167 24 2 6 57% 14370 214117 30369 4%
c x 134.04 156 169 19 35 2462 6 139994 13045 6.9 167 24 2 6 57% 14398 212948 30368 4%
c = 135.16 156 169 19 35 2462 6 139994 13045 6.9 167 24 2 6 57% 14451 212852 30339 4%
c d 135.17 156 169 19 35 2462 6 139994 13039 6.9 167 24 2 6 57% 14426 212799 30339 4%
c
c  seconds      switched    rate          size/glue   tier1    binary          remaining
c           MB    reductions  conflicts         size    tier2      irredundant
c             level    restarts      redundant      glue   trail           variables
c
c t 135.20 156 169 19 35 2462 6 139994 13039 6.9 167 24 2 6 57% 14373 212799 30332 4%
c b 135.20 156 169 19 35 2462 6 139994 13039 6.9 167 24 2 6 57% 14373 212799 30313 4%
c f 135.47 156 169 19 35 2462 6 139994 13039 6.9 167 24 2 6 57% 14344 212466 30326 4%
c b 135.49 156 169 19 35 2462 6 139994 13023 6.9 167 24 2 6 57% 14361 212247 30323 4%
c u 135.62 156 169 19 35 2462 6 139994 12411 6.9 167 24 2 6 57% 14381 212247 30323 4%
c v 135.95 156 169 19 35 2462 6 139994 11480 6.9 167 24 2 6 57% 14384 212247 30323 4%
c w 136.06 156 169 19 35 2462 6 139994 11379 6.9 167 24 2 6 57% 14384 212247 30323 4%
c x 136.20 156 169 19 35 2462 6 139994 11370 6.9 167 24 2 6 57% 14410 211611 30319 4%
c = 137.32 156 169 19 35 2462 6 139994 11370 6.9 167 24 2 6 57% 14658 211347 30191 4%
c d 137.33 156 169 19 35 2462 6 139994 11332 6.9 167 24 2 6 57% 14413 211284 30190 4%
c t 137.36 156 169 19 35 2462 6 139994 11332 6.9 167 24 2 6 57% 14312 211284 30189 4%
c b 137.37 156 169 19 35 2462 6 139994 11332 6.9 167 24 2 6 57% 14312 211284 30181 4%
c f 137.64 156 169 19 35 2462 6 139994 11332 6.9 167 24 2 6 57% 14330 210758 30205 4%
c i 137.65 156 169 19 35 2462 6 139994 11332 6.9 167 24 2 6 57% 14330 210758 30205 4%
c - 140.06 156 179 19 36 2463 5 142411 10078 6.8 163 24 2 6 58% 14107 210758 30205 4%
c ] 143.20 156 168 20 36 2466 5 147176 13511 6.5 153 24 2 6 60% 14116 210758 30205 4%
c { 143.20 156 361 20 36 2466 20 147176 13511 6.7 86 13 2 6 31% 14116 210758 30205 4%
c - 143.53 156 356 20 37 2513 21 148411 10269 6.7 87 13 2 6 32% 14117 210758 30205 4%
c - 144.88 156 349 20 38 2712 20 154493 13016 5.9 87 15 2 6 31% 14132 210758 30205 4%
c - 145.28 156 322 20 39 2712 19 160657 15962 5.8 80 14 2 6 28% 14145 210758 30205 4%
c
c  seconds      switched     rate          size/glue  tier1    binary          remaining
c           MB    reductions   conflicts         size   tier2      irredundant
c             level    restarts       redundant     glue   trail           variables
c
c i 146.06 156 307 20 39 2810 18 164905 19689 5.6 78 14 2 6 28% 14156 210757 30200 4%
c 2 146.41 156 307 20 39 2871 18 165657 20356 5.7 78 14 2 6 28% 14156 210757 30198 4%
c s 146.46 156 307 20 39 2871 18 165657 20356 5.7 78 14 2 6 28% 14223 204855 30198 4%
c e 146.90 156 307 20 39 2871 18 165657 20356 5.7 78 14 2 6 28% 10880 231592 25846 4%
c 2 146.90 156 307 20 39 2871 18 165657 20356 5.7 78 14 2 6 28% 10876 231592 25846 4%
c s 147.01 156 307 20 39 2871 18 165657 20356 5.7 78 14 2 6 28% 10991 219188 25846 4%
c e 147.15 157 307 20 39 2871 18 165657 20356 5.7 78 14 2 6 28% 10505 221859 25253 4%
c ^ 147.15 157 307 20 39 2871 18 165657 20356 5.7 78 14 2 6 28% 10505 221859 25253 4%
c - 147.69 157 306 20 40 2926 19 166901 10059 5.7 79 14 2 6 28% 10537 221829 25253 4%
c o 148.29 157 288 20 40 2927 17 171980 14601 5.6 75 13 2 6 27% 10544 221828 25253 4%
c d 148.57 157 287 20 40 2942 17 172660 15171 5.5 74 13 2 6 27% 10543 221828 25251 4%
c b 148.59 157 287 20 40 2942 17 172660 15171 5.5 74 13 2 6 27% 10543 221828 25240 4%
c u 148.73 157 287 20 40 2942 17 172660 13474 5.5 74 13 2 6 27% 10582 221828 25240 4%
c v 148.96 157 287 20 40 2942 17 172660 12470 5.5 74 13 2 6 27% 10581 221828 25237 4%
c w 149.06 157 287 20 40 2942 17 172660 12451 5.5 74 13 2 6 27% 10581 221828 25237 4%
c x 149.18 157 287 20 40 2942 17 172660 12450 5.5 74 13 2 6 27% 10670 220256 25237 4%
c = 149.98 157 287 20 40 2942 17 172660 12450 5.5 74 13 2 6 27% 11556 219714 24785 4%
c d 150.00 157 287 20 40 2942 17 172660 12355 5.5 74 13 2 6 27% 10749 219569 24785 4%
c t 150.02 157 287 20 40 2942 17 172660 12355 5.5 74 13 2 6 27% 10557 219569 24781 4%
c b 150.03 157 287 20 40 2942 17 172660 12355 5.5 74 13 2 6 27% 10557 219569 24779 4%
c
c  seconds      switched     rate          size/glue  tier1    binary          remaining
c           MB    reductions   conflicts         size   tier2      irredundant
c             level    restarts       redundant     glue   trail           variables
c
c f 150.32 157 287 20 40 2942 17 172660 12355 5.5 74 13 2 6 27% 10493 218262 24792 4%
c b 150.35 157 287 20 40 2942 17 172660 12355 5.5 74 13 2 6 27% 10528 218164 24788 4%
c u 150.45 157 287 20 40 2942 17 172660 11724 5.5 74 13 2 6 27% 10554 218164 24787 4%
c v 150.71 157 287 20 40 2942 17 172660 10875 5.5 74 13 2 6 27% 10555 218164 24787 4%
c w 150.80 157 287 20 40 2942 17 172660 10806 5.5 74 13 2 6 27% 10555 218164 24787 4%
c x 150.92 157 287 20 40 2942 17 172660 10800 5.5 74 13 2 6 27% 10572 215844 24787 4%
c = 151.92 157 287 20 40 2942 17 172660 10800 5.5 74 13 2 6 27% 12260 214238 23972 3%
c d 151.93 157 287 20 40 2942 17 172660 10362 5.5 74 13 2 6 27% 10744 214011 23972 3%
c t 151.95 157 287 20 40 2942 17 172660 10362 5.5 74 13 2 6 27% 10334 214011 23971 3%
c b 151.96 157 287 20 40 2942 17 172660 10362 5.5 74 13 2 6 27% 10334 214011 23970 3%
c f 152.28 157 287 20 40 2942 17 172660 10362 5.5 74 13 2 6 27% 10135 210897 23983 3%
c i 152.28 157 287 20 40 2942 17 172660 10362 5.5 74 13 2 6 27% 10135 210897 23983 3%
c - 152.31 157 285 20 41 2942 17 173226 8601 5.5 74 13 2 6 27% 9824 210897 23983 3%
c } 152.34 157 282 21 41 2942 17 173915 9136 5.5 73 13 2 6 27% 9824 210897 23983 3%
c [ 152.34 157 168 21 41 2942 5 173915 9136 6.5 153 24 2 6 60% 9824 210897 23983 3%
c W 152.38 157 168 21 41 2942 5 173915 9136 6.5 153 24 2 6 60% 9824 210889 23983 3%
c - 156.96 157 174 21 42 2945 5 179630 9584 6.4 145 23 2 6 61% 9826 210889 23983 3%
c ] 157.74 157 172 22 42 2946 5 180512 10157 6.4 143 22 2 6 61% 9827 210889 23983 3%
c { 157.74 157 282 22 42 2946 17 180512 10157 5.5 73 13 2 6 27% 9827 210889 23983 3%
c - 161.61 157 267 22 43 2959 16 186110 10669 6.6 85 13 2 6 30% 9829 210889 23983 3%
c
c  seconds      switched     rate          size/glue  tier1    binary         remaining
c           MB    reductions   conflicts         size   tier2     irredundant
c             level    restarts       redundant     glue   trail          variables
c
c i 163.32 157 258 22 43 2973 16 189308 13282 6.7 85 13 2 6 30% 9833 210889 23982 3%
c i 163.32 157 258 22 43 2973 16 189309 13282 6.7 85 13 2 6 30% 9833 210889 23981 3%
c i 163.32 157 258 22 43 2973 16 189311 13283 6.7 85 13 2 6 30% 9833 210889 23980 3%
c i 163.34 157 257 22 43 2973 16 189528 13485 6.7 85 13 2 6 30% 9835 210889 23943 3%
c i 164.62 157 250 22 43 2975 16 191679 15092 6.9 86 12 2 6 30% 9839 210888 23940 3%
c - 164.75 157 248 22 44 2975 15 192667 12667 6.9 85 12 2 6 30% 9768 210888 23940 3%
c i 164.75 157 248 22 44 2975 15 192668 12667 6.9 85 12 2 6 30% 9768 210888 23939 3%
c - 165.90 157 229 22 45 2976 14 199302 15154 6.8 81 12 2 6 28% 9781 210887 23939 3%
c - 167.20 157 212 22 46 2977 13 206011 15939 6.6 76 11 2 6 27% 9794 210886 23939 3%
c c 168.11 157 204 22 46 2977 13 209201 18552 6.5 73 11 2 6 26% 9910 210355 23899 3%
c d 168.12 157 204 22 46 2977 13 209201 18511 6.5 73 11 2 6 26% 9862 210323 23899 3%
c d 168.13 157 204 22 46 2977 13 209201 18503 6.5 73 11 2 6 26% 9846 210317 23891 3%
c b 168.13 157 204 22 46 2977 13 209201 18503 6.5 73 11 2 6 26% 9846 210317 23889 3%
c u 168.32 157 204 22 46 2977 13 209201 16262 6.5 73 11 2 6 26% 9845 210317 23889 3%
c v 168.78 157 204 22 46 2977 13 209201 15607 6.5 73 11 2 6 26% 9844 210317 23889 3%
c w 168.91 157 204 22 46 2977 13 209201 15493 6.5 73 11 2 6 26% 9844 210317 23889 3%
c x 169.11 157 204 22 46 2977 13 209201 15485 6.5 73 11 2 6 26% 9859 208426 23889 3%
c = 170.75 157 204 22 46 2977 13 209201 15485 6.5 73 11 2 6 26% 10071 208229 23784 3%
c d 170.76 157 204 22 46 2977 13 209201 15472 6.5 73 11 2 6 26% 9856 208224 23782 3%
c t 170.78 157 204 22 46 2977 13 209201 15472 6.5 73 11 2 6 26% 9734 208224 23782 3%
c
c  seconds      switched     rate          size/glue  tier1    binary         remaining
c           MB    reductions   conflicts         size   tier2     irredundant
c             level    restarts       redundant     glue   trail          variables
c
c f 171.12 157 204 22 46 2977 13 209201 15472 6.5 73 11 2 6 26% 9728 206780 23812 3%
c b 171.15 157 204 22 46 2977 13 209201 15472 6.5 73 11 2 6 26% 9728 206780 23807 3%
c u 171.28 157 204 22 46 2977 13 209201 14894 6.5 73 11 2 6 26% 9730 206780 23807 3%
c v 171.76 157 204 22 46 2977 13 209201 14010 6.5 73 11 2 6 26% 9730 206780 23807 3%
c w 171.88 157 204 22 46 2977 13 209201 13861 6.5 73 11 2 6 26% 9730 206780 23807 3%
c x 172.08 157 204 22 46 2977 13 209201 13859 6.5 73 11 2 6 26% 9773 204979 23807 3%
c = 173.67 157 204 22 46 2977 13 209201 13859 6.5 73 11 2 6 26% 9992 204463 23681 3%
c d 173.68 157 204 22 46 2977 13 209201 13857 6.5 73 11 2 6 26% 9725 204463 23681 3%
c t 173.70 157 204 22 46 2977 13 209201 13857 6.5 73 11 2 6 26% 9718 204463 23681 3%
c f 174.12 157 204 22 46 2977 13 209201 13857 6.5 73 11 2 6 26% 9719 203832 23697 3%
c } 174.68 157 197 23 46 2977 12 212028 16382 6.4 71 11 2 6 26% 9722 203832 23697 3%
c [ 174.68 157 172 23 46 2977 5 212028 16382 6.4 143 22 2 6 61% 9722 203832 23697 3%
c O 174.68 157 172 23 46 2977 5 212028 16382 6.4 143 22 2 6 61% 9722 203832 23697 3%
c - 175.53 157 169 23 47 2977 5 212795 12665 6.4 143 22 2 6 61% 9706 203832 23697 3%
c - 184.25 157 160 23 48 2982 5 219651 12814 6.5 142 22 2 6 61% 9706 203832 23697 3%
c ] 187.69 157 168 24 48 2983 5 222144 14469 6.3 138 22 2 6 61% 9706 203832 23697 3%
c { 187.69 157 197 24 48 2983 12 222144 14469 6.4 71 11 2 6 26% 9706 203832 23697 3%
c - 189.42 157 195 24 49 3146 13 226579 13317 6.6 73 11 2 6 26% 9714 203832 23697 3%
c - 190.71 157 184 24 50 3234 12 233580 15550 6.6 71 11 2 6 25% 9722 203832 23697 3%
c o 191.04 157 179 24 50 3235 12 236133 17741 6.5 69 11 2 6 25% 9725 203832 23697 3%
c
c  seconds      switched     rate          size/glue  tier1    binary         remaining
c           MB    reductions   conflicts         size   tier2     irredundant
c             level    restarts       redundant     glue   trail          variables
c
c - 193.22 157 194 24 51 3637 14 240652 17263 6.6 72 11 2 6 27% 9730 203832 23697 3%
c - 196.38 157 197 24 52 4178 15 247795 19279 6.7 76 11 2 6 27% 9735 203832 23697 3%
c c 198.26 157 204 24 52 4469 16 250496 20885 6.8 78 12 2 6 29% 9740 203675 23694 3%
c d 198.27 157 204 24 52 4469 16 250496 20885 6.8 78 12 2 6 29% 9741 203670 23694 3%
c u 198.56 157 204 24 52 4469 16 250496 18417 6.8 78 12 2 6 29% 9746 203670 23694 3%
c v 199.25 157 204 24 52 4469 16 250496 16541 6.8 78 12 2 6 29% 9746 203670 23694 3%
c w 199.47 157 204 24 52 4469 16 250496 16503 6.8 78 12 2 6 29% 9746 203670 23694 3%
c x 199.75 157 204 24 52 4469 16 250496 16466 6.8 78 12 2 6 29% 9763 201177 23694 3%
c = 202.11 157 204 24 52 4469 16 250496 16466 6.8 78 12 2 6 29% 9854 201064 23650 3%
c d 202.13 157 204 24 52 4469 16 250496 16460 6.8 78 12 2 6 29% 9763 201064 23650 3%
c t 202.15 157 204 24 52 4469 16 250496 16460 6.8 78 12 2 6 29% 9742 201064 23650 3%
c f 202.74 157 204 24 52 4469 16 250496 16460 6.8 78 12 2 6 29% 9780 200375 23670 3%
c u 202.98 157 204 24 52 4469 16 250496 15707 6.8 78 12 2 6 29% 9783 200375 23670 3%
c v 203.75 157 204 24 52 4469 16 250496 14346 6.8 78 12 2 6 29% 9783 200375 23670 3%
c w 203.98 157 204 24 52 4469 16 250496 14311 6.8 78 12 2 6 29% 9783 200375 23670 3%
c x 204.25 157 204 24 52 4469 16 250496 14281 6.8 78 12 2 6 29% 9803 198217 23670 3%
c = 206.52 157 204 24 52 4469 16 250496 14281 6.8 78 12 2 6 29% 9827 198190 23654 3%
c d 206.54 157 204 24 52 4469 16 250496 14281 6.8 78 12 2 6 29% 9793 198190 23654 3%
c t 206.56 157 204 24 52 4469 16 250496 14281 6.8 78 12 2 6 29% 9783 198190 23654 3%
c f 207.14 157 204 24 52 4469 16 250496 14281 6.8 78 12 2 6 29% 9872 197451 23677 3%
c
c  seconds      switched     rate          size/glue  tier1    binary         remaining
c           MB    reductions   conflicts         size   tier2     irredundant
c             level    restarts       redundant     glue   trail          variables
c
c 2 207.15 157 204 24 52 4469 16 250496 14281 6.8 78 12 2 6 29% 9872 197451 23676 3%
c s 207.21 157 204 24 52 4469 16 250496 14281 6.8 78 12 2 6 29% 9889 192256 23676 3%
c e 207.70 158 204 24 52 4469 16 250496 14281 6.8 78 12 2 6 29% 7932 229610 19807 3%
c 2 207.70 158 204 24 52 4469 16 250496 14281 6.8 78 12 2 6 29% 7923 229610 19807 3%
c s 207.86 158 204 24 52 4469 16 250496 14281 6.8 78 12 2 6 29% 7983 210731 19807 3%
c e 208.10 158 204 24 52 4469 16 250496 14281 6.8 78 12 2 6 29% 7733 216751 19284 3%
c ! 208.10 158 204 24 52 4469 16 250496 14281 6.8 78 12 2 6 29% 7733 216751 19284 3%
c - 209.15 158 200 24 53 4519 16 255006 10730 6.6 75 11 2 6 28% 7736 216750 19284 3%
c } 209.96 158 192 25 53 4519 15 258821 14006 6.5 73 11 2 6 28% 7737 216750 19284 3%
c [ 209.96 158 168 25 53 4519 5 258821 14006 6.3 138 22 2 6 61% 7737 216750 19284 3%
c B 209.96 158 168 25 53 4519 5 258821 14006 6.3 138 22 2 6 61% 7737 216750 19284 3%
c - 211.45 158 172 25 54 4520 5 262288 12132 6.6 140 21 2 5 62% 7737 216750 19284 3%
c - 216.33 158 198 25 55 4525 5 269636 14601 5.0 148 30 2 5 62% 7737 216750 19284 3%
c - 222.24 158 176 25 56 4528 4 277052 15181 5.3 144 27 2 4 59% 7737 216750 19284 3%
c ] 224.81 158 168 26 56 4531 4 280316 17110 5.4 140 26 2 4 58% 7738 216750 19284 3%
c { 224.81 158 192 26 56 4531 15 280316 17110 6.5 73 11 2 6 28% 7738 216750 19284 3%
c - 226.15 158 188 26 57 4857 15 284535 16971 6.4 73 11 2 6 27% 7740 216749 19284 3%
c - 228.88 158 179 26 58 5222 15 292085 18716 6.4 73 11 2 5 27% 7742 216748 19284 3%
c b 230.61 158 187 26 58 5449 16 295394 20299 6.4 75 12 2 5 28% 7743 216748 19283 3%
c u 230.98 158 187 26 58 5449 16 295394 17411 6.4 75 12 2 5 28% 7752 216748 19283 3%
c
c  seconds      switched     rate          size/glue  tier1    binary         remaining
c           MB    reductions   conflicts         size   tier2     irredundant
c             level    restarts       redundant     glue   trail          variables
c
c v 231.57 158 187 26 58 5449 16 295394 15149 6.4 75 12 2 5 28% 7752 216748 19283 3%
c w 231.76 158 187 26 58 5449 16 295394 15123 6.4 75 12 2 5 28% 7752 216748 19283 3%
c x 232.02 158 187 26 58 5449 16 295394 15112 6.4 75 12 2 5 28% 7752 215602 19283 3%
c = 234.08 158 187 26 58 5449 16 295394 15112 6.4 75 12 2 5 28% 7934 215357 19197 3%
c d 234.09 158 187 26 58 5449 16 295394 15072 6.4 75 12 2 5 28% 7757 215357 19197 3%
c t 234.11 158 187 26 58 5449 16 295394 15072 6.4 75 12 2 5 28% 7710 215357 19197 3%
c f 234.66 158 187 26 58 5449 16 295394 15072 6.4 75 12 2 5 28% 7781 214190 19219 3%
c u 235.00 158 187 26 58 5449 16 295394 14297 6.4 75 12 2 5 28% 7789 214190 19217 3%
c v 235.49 158 187 26 58 5449 16 295394 13277 6.4 75 12 2 5 28% 7789 214190 19217 3%
c w 235.84 158 187 26 58 5449 16 295394 13214 6.4 75 12 2 5 28% 7789 214190 19217 3%
c x 236.12 158 187 26 58 5449 16 295394 13174 6.4 75 12 2 5 28% 7803 211834 19217 3%
c = 238.11 158 187 26 58 5449 16 295394 13174 6.4 75 12 2 5 28% 8094 211548 19076 3%
c d 238.12 158 187 26 58 5449 16 295394 13056 6.4 75 12 2 5 28% 7771 211548 19076 3%
c t 238.14 158 187 26 58 5449 16 295394 13056 6.4 75 12 2 5 28% 7696 211548 19076 3%
c f 238.68 158 187 26 58 5449 16 295394 13056 6.4 75 12 2 5 28% 7794 210610 19100 3%
c - 240.28 158 190 26 59 5735 16 299700 13182 6.4 76 12 2 5 29% 7800 210610 19100 3%
c o 243.58 158 191 26 59 6517 18 306793 18936 6.6 81 12 2 5 30% 7811 210607 19100 3%
c - 243.91 158 191 26 60 6565 18 307381 15814 6.7 82 12 2 5 30% 7811 210607 19100 3%
c - 246.91 158 181 26 61 6807 17 315127 17870 6.7 82 12 2 5 30% 7817 210605 19100 3%
c } 251.19 158 181 27 61 7615 18 322535 24130 6.9 89 13 2 5 30% 7821 210605 19100 3%
c
c  seconds      switched    rate          size/glue   tier1    binary         remaining
c           MB    reductions  conflicts         size    tier2     irredundant
c             level    restarts      redundant      glue   trail          variables
c
c [ 251.19 158 168 27 61 7615 4 322535 24130 5.4 140 26 2 4 58% 7821 210605 19100 3%
c W 251.29 158 168 27 61 7615 4 322535 24130 5.4 140 26 2 4 58% 7821 210605 19100 3%
c - 251.59 158 167 27 62 7615 4 322937 19856 5.4 141 26 2 4 58% 7821 210605 19100 3%
c - 260.34 158 150 27 63 7620 4 330813 20907 6.1 148 24 2 4 58% 7821 210605 19100 3%
c - 269.21 158 135 27 64 7624 4 338751 20532 6.5 146 22 2 4 59% 7822 210605 19100 3%
c ] 271.98 158 130 28 64 7627 4 341653 22292 6.6 144 22 2 4 58% 7822 210605 19100 3%
c { 271.98 158 181 28 64 7627 18 341653 22292 6.9 89 13 2 5 30% 7822 210605 19100 3%
c d 273.58 158 179 28 64 7739 18 344033 24135 7.0 90 13 2 5 31% 7822 210605 19099 3%
c b 273.60 158 179 28 64 7739 18 344033 24135 7.0 90 13 2 5 31% 7822 210605 19097 3%
c u 274.18 158 179 28 64 7739 18 344033 20926 7.0 90 13 2 5 31% 7844 210605 19097 3%
c v 274.87 158 179 28 64 7739 18 344033 18444 7.0 90 13 2 5 31% 7833 210605 19097 3%
c w 275.53 158 179 28 64 7739 18 344033 17558 7.0 90 13 2 5 31% 7833 210605 19097 3%
c x 275.99 158 179 28 64 7739 18 344033 17518 7.0 90 13 2 5 31% 7852 202498 19097 3%
c = 279.40 158 179 28 64 7739 18 344033 17518 7.0 90 13 2 5 31% 8664 202185 18697 3%
c d 279.42 158 179 28 64 7739 18 344033 16305 7.0 90 13 2 5 31% 7836 202185 18696 3%
c t 279.44 158 179 28 64 7739 18 344033 16305 7.0 90 13 2 5 31% 7637 202185 18696 3%
c f 280.27 158 179 28 64 7739 18 344033 16305 7.0 90 13 2 5 31% 7664 198915 18719 3%
c b 280.30 158 179 28 64 7739 18 344033 16305 7.0 90 13 2 5 31% 7664 198915 18716 3%
c u 280.76 158 179 28 64 7739 18 344033 14511 7.0 90 13 2 5 31% 7669 198915 18716 3%
c v 281.28 158 179 28 64 7739 18 344033 13576 7.0 90 13 2 5 31% 7669 198915 18716 3%
c
c  seconds      switched     rate          size/glue  tier1    binary         remaining
c           MB    reductions   conflicts         size   tier2     irredundant
c             level    restarts       redundant     glue   trail          variables
c
c w 281.89 158 179 28 64 7739 18 344033 13398 7.0 90 13 2 5 31% 7669 198915 18716 3%
c x 282.36 158 179 28 64 7739 18 344033 13366 7.0 90 13 2 5 31% 7707 190992 18716 3%
c = 285.52 158 179 28 64 7739 18 344033 13366 7.0 90 13 2 5 31% 7781 190975 18680 3%
c d 285.54 158 179 28 64 7739 18 344033 13324 7.0 90 13 2 5 31% 7701 190975 18680 3%
c t 285.56 158 179 28 64 7739 18 344033 13324 7.0 90 13 2 5 31% 7686 190975 18680 3%
c f 286.35 158 179 28 64 7739 18 344033 13324 7.0 90 13 2 5 31% 7829 188249 18778 3%
c - 287.87 158 177 28 65 7940 18 346751 13219 6.9 90 13 2 5 31% 7827 188249 18778 3%
c - 291.24 158 175 28 66 8703 18 354813 16315 6.9 92 13 2 4 31% 7832 188246 18778 3%
c 2 291.81 158 174 28 66 8860 18 356524 17672 6.9 93 14 2 4 31% 7833 188246 18775 3%
c s 291.92 158 174 28 66 8860 18 356524 17672 6.9 93 14 2 4 31% 7839 180804 18775 3%
c e 292.15 159 174 28 66 8860 18 356524 17672 6.9 93 14 2 4 31% 7314 188133 17705 3%
c 2 292.15 159 174 28 66 8860 18 356524 17672 6.9 93 14 2 4 31% 7310 188133 17705 3%
c s 292.25 159 174 28 66 8860 18 356524 17672 6.9 93 14 2 4 31% 7316 183562 17705 3%
c e 292.33 159 174 28 66 8860 18 356524 17672 6.9 93 14 2 4 31% 7240 184141 17602 3%
c - 296.48 159 182 28 67 9324 18 362937 15776 7.3 101 14 2 4 33% 7246 184141 17602 3%
c - 301.41 159 199 28 68 10029 20 371124 17753 7.3 107 15 2 4 35% 7253 184141 17602 3%
c i 305.67 159 195 28 68 10448 20 377526 22396 7.4 111 15 2 4 36% 7264 184140 17584 2%
c i 306.23 159 193 28 68 10484 20 378988 23603 7.5 111 15 2 4 36% 7281 184139 17583 2%
c - 306.40 150 193 28 69 10541 19 379370 11861 7.4 111 15 2 4 36% 7612 184139 17583 2%
c i 308.24 152 184 28 69 10693 19 384925 16202 7.5 110 15 2 4 36% 7654 184139 17580 2%
c
c  seconds      switched      rate          size/glue   tier1    binary         remaining
c           MB    reductions    conflicts         size    tier2     irredundant
c             level    restarts        redundant      glue   trail          variables
c
c i 308.28 152 184 28 69 10695 19 385004 16244 7.5 110 15 2 4 36% 7659 184139 17426 2%
c i 308.29 152 184 28 69 10695 19 385029 16249 7.5 110 15 2 4 36% 7662 184139 16851 2%
c i 308.30 152 184 28 69 10695 19 385032 16249 7.5 110 15 2 4 36% 7663 184139 13877 2%
c i 308.30 152 184 28 69 10695 19 385034 16249 7.5 110 15 2 4 36% 7664 184139 13868 2%
c } 308.30 152 184 28 69 10695 19 385036 16249 7.5 110 15 2 4 36% 7664 184139 3554 1%
c 0 308.30 152 184 28 69 10695 19 385036 16249 7.5 110 15 2 4 36% 7664 184139 3554 1%
c
c ---- [ result ] ------------------------------------------------------------
c
s UNSATISFIABLE
c
c ---- [ profiling ] ---------------------------------------------------------
c
c         214.17   69.47 %  search
c         113.33   36.76 %  focused
c         100.84   32.71 %  stable
c          83.98   27.24 %  simplify
c          82.95   26.90 %  probe
c          36.42   11.81 %  sweep
c          25.18    8.17 %  vivify
c          13.54    4.39 %  factor
c           9.31    3.02 %  preprocess
c           6.83    2.21 %  eliminate
c           4.60    1.49 %  congruence
c           3.09    1.00 %  fastel
c           2.16    0.70 %  substitute
c           1.22    0.39 %  subsume
c           0.95    0.31 %  reduce
c           0.74    0.24 %  transitive
c           0.47    0.15 %  parse
c           0.37    0.12 %  lucky
c           0.34    0.11 %  walking
c           0.30    0.10 %  backbone
c =============================================
c         308.30  100.00 %  total
c
c ---- [ statistics ] --------------------------------------------------------
c
c chronological:                        26988                7 %  conflicts
c conflicts:                           385036             1248.87 per second
c congruent:                            77597               11 %  variables
c decisions:                          5225388               13.57 per conflict
c eliminated:                          544857               77 %  variables
c factored:                              1403                0 %  variables
c fast_eliminated:                     369505               68 %  eliminated
c fast_strengthened:                    41237               15 %  per strengthened
c fast_subsumed:                         9469                5 %  per subsumed
c iterations:                              47                0 %  variables
c propagations:                    1997650076          6479408    per second
c reductions:                              69             5580    interval
c reordered:                                8            48130    interval
c rephased:                                14            27503    interval
c restarts:                             10695               36    interval
c strengthened:                        273695                1 %  checks
c substituted:                         135200               19 %  variables
c subsumed:                            173937                0 %  checks
c switched:                                28            13751    interval
c vivified:                            166636               29 %  checks
c walks:                                    5            77007    interval
c
c ---- [ glue usage ] --------------------------------------------------------
c
c focused glue 2 used 1382709 clauses 38.78% accumulated 78.74% tier1
c focused glue 3 used  358644 clauses 10.06% accumulated 88.80%
c focused glue 4 used  132136 clauses  3.71% accumulated 92.51% tier2
c
c stable glue 2 used 1950216 clauses 44.99% accumulated 75.91% tier1
c stable glue 3 used  606461 clauses 13.99% accumulated 89.90%
c stable glue 4 used  182833 clauses  4.22% accumulated 94.12% tier2
c
c ---- [ resources ] ---------------------------------------------------------
c
c maximum-resident-set-size:        402317312 bytes        384 MB
c process-time:                          5m 8s             308.30 seconds
c
c ---- [ shutting down ] -----------------------------------------------------
c
c exit 20
Command exited with non-zero status 20
[time] real=310.22 user=307.61 sys=0.70 maxrss=392888KB
[error] Command exited with status 0
======================================

